<?xml version="1.0" encoding="UTF-8"?>
<!-- Generated by org.testng.reporters.JUnitReportReporter -->
<testsuite hostname="TestingPC-5" name="epicList_Chrome.Verify_Void_Transaction_Report" tests="3" failures="0" timestamp="21 Aug 2019 09:13:40 GMT" time="240.430" errors="0">
  <testcase name="calling" time="134.307" classname="epicList_Chrome.Verify_Void_Transaction_Report"/>
  <testcase name="logout" time="10.431" classname="epicList_Chrome.Verify_Void_Transaction_Report"/>
  <testcase name="login" time="95.692" classname="epicList_Chrome.Verify_Void_Transaction_Report"/>
</testsuite> <!-- epicList_Chrome.Verify_Void_Transaction_Report -->
