<?xml version="1.0" encoding="UTF-8"?>
<!-- Generated by org.testng.reporters.JUnitReportReporter -->
<testsuite hostname="TestingPC-5" name="epicList_Chrome.Update_Loyalty_Settings" tests="3" failures="0" timestamp="30 Jul 2019 14:03:25 GMT" time="221.744" errors="0">
  <testcase name="calling" time="159.200" classname="epicList_Chrome.Update_Loyalty_Settings"/>
  <testcase name="login" time="47.702" classname="epicList_Chrome.Update_Loyalty_Settings"/>
  <testcase name="logout" time="14.842" classname="epicList_Chrome.Update_Loyalty_Settings"/>
</testsuite> <!-- epicList_Chrome.Update_Loyalty_Settings -->
