<?xml version="1.0" encoding="UTF-8"?>
<!-- Generated by org.testng.reporters.JUnitReportReporter -->
<testsuite hostname="TestingPC-5" name="epicList_Chrome.Verify_SaleSummary_Report" tests="3" failures="0" timestamp="21 Aug 2019 07:41:41 GMT" time="1023.148" errors="0">
  <testcase name="calling" time="923.860" classname="epicList_Chrome.Verify_SaleSummary_Report"/>
  <testcase name="logout" time="12.266" classname="epicList_Chrome.Verify_SaleSummary_Report"/>
  <testcase name="login" time="87.022" classname="epicList_Chrome.Verify_SaleSummary_Report"/>
</testsuite> <!-- epicList_Chrome.Verify_SaleSummary_Report -->
