<?xml version="1.0" encoding="UTF-8"?>
<!-- Generated by org.testng.reporters.JUnitReportReporter -->
<testsuite hostname="TestingPC-5" name="epicList_Chrome.AddEditDelete_Departments" tests="3" failures="0" timestamp="20 Aug 2019 08:16:28 GMT" time="291.724" errors="0">
  <testcase name="calling" time="219.119" classname="epicList_Chrome.AddEditDelete_Departments"/>
  <testcase name="logout" time="11.822" classname="epicList_Chrome.AddEditDelete_Departments"/>
  <testcase name="login" time="60.783" classname="epicList_Chrome.AddEditDelete_Departments"/>
</testsuite> <!-- epicList_Chrome.AddEditDelete_Departments -->
