<?xml version="1.0" encoding="UTF-8"?>
<!-- Generated by org.testng.reporters.JUnitReportReporter -->
<testsuite hostname="TestingPC-5" name="epicList_Chrome.Verify_Employee_Labour_Reports" tests="3" failures="0" timestamp="20 Aug 2019 06:55:52 GMT" time="146.599" errors="0">
  <testcase name="calling" time="71.701" classname="epicList_Chrome.Verify_Employee_Labour_Reports"/>
  <testcase name="logout" time="12.426" classname="epicList_Chrome.Verify_Employee_Labour_Reports"/>
  <testcase name="login" time="62.472" classname="epicList_Chrome.Verify_Employee_Labour_Reports"/>
</testsuite> <!-- epicList_Chrome.Verify_Employee_Labour_Reports -->
