<?xml version="1.0" encoding="UTF-8"?>
<!-- Generated by org.testng.reporters.JUnitReportReporter -->
<testsuite hostname="TestingPC-5" name="epicList_Chrome.Verify_Employee_Labour_By_Job_Code_Reports" tests="3" failures="0" timestamp="20 Aug 2019 06:51:53 GMT" time="148.802" errors="0">
  <testcase name="calling" time="75.498" classname="epicList_Chrome.Verify_Employee_Labour_By_Job_Code_Reports"/>
  <testcase name="logout" time="9.905" classname="epicList_Chrome.Verify_Employee_Labour_By_Job_Code_Reports"/>
  <testcase name="login" time="63.399" classname="epicList_Chrome.Verify_Employee_Labour_By_Job_Code_Reports"/>
</testsuite> <!-- epicList_Chrome.Verify_Employee_Labour_By_Job_Code_Reports -->
