<?xml version="1.0" encoding="UTF-8"?>
<!-- Generated by org.testng.reporters.JUnitReportReporter -->
<testsuite hostname="TestingPC-5" name="epicList_Chrome.AddEditDelete_Serving_Size_Level" tests="3" failures="0" timestamp="20 Aug 2019 11:17:56 GMT" time="274.608" errors="0">
  <testcase name="calling" time="200.555" classname="epicList_Chrome.AddEditDelete_Serving_Size_Level"/>
  <testcase name="logout" time="12.687" classname="epicList_Chrome.AddEditDelete_Serving_Size_Level"/>
  <testcase name="login" time="61.366" classname="epicList_Chrome.AddEditDelete_Serving_Size_Level"/>
</testsuite> <!-- epicList_Chrome.AddEditDelete_Serving_Size_Level -->
