<?xml version="1.0" encoding="UTF-8"?>
<!-- Generated by org.testng.reporters.JUnitReportReporter -->
<testsuite hostname="TestingPC-5" name="epicList_Chrome.Verify_Discount_Report" tests="3" failures="0" timestamp="20 Aug 2019 05:54:04 GMT" time="510.274" errors="0">
  <testcase name="calling" time="429.669" classname="epicList_Chrome.Verify_Discount_Report"/>
  <testcase name="login" time="67.661" classname="epicList_Chrome.Verify_Discount_Report"/>
  <testcase name="logout" time="12.944" classname="epicList_Chrome.Verify_Discount_Report"/>
</testsuite> <!-- epicList_Chrome.Verify_Discount_Report -->
