<?xml version="1.0" encoding="UTF-8"?>
<!-- Generated by org.testng.reporters.JUnitReportReporter -->
<testsuite hostname="TestingPC-5" name="epicList_Chrome.Sort_Menu_Config" tests="3" failures="0" timestamp="27 Jul 2019 08:45:36 GMT" time="403.120" errors="0">
  <testcase name="login" time="52.844" classname="epicList_Chrome.Sort_Menu_Config"/>
  <testcase name="logout" time="7.925" classname="epicList_Chrome.Sort_Menu_Config"/>
  <testcase name="calling" time="342.351" classname="epicList_Chrome.Sort_Menu_Config"/>
</testsuite> <!-- epicList_Chrome.Sort_Menu_Config -->
