<?xml version="1.0" encoding="UTF-8"?>
<!-- Generated by org.testng.reporters.JUnitReportReporter -->
<testsuite hostname="TestingPC-5" name="epicList_Chrome.Punched_In_Out" tests="3" failures="0" timestamp="31 Jul 2019 06:00:26 GMT" time="232.978" errors="0">
  <testcase name="logout" time="15.414" classname="epicList_Chrome.Punched_In_Out"/>
  <testcase name="login" time="60.376" classname="epicList_Chrome.Punched_In_Out"/>
  <testcase name="calling" time="157.188" classname="epicList_Chrome.Punched_In_Out"/>
</testsuite> <!-- epicList_Chrome.Punched_In_Out -->
