<?xml version="1.0" encoding="UTF-8"?>
<!-- Generated by org.testng.reporters.JUnitReportReporter -->
<testsuite hostname="TestingPC-5" name="epicList_Chrome.Verify_SaleRecap_Report" tests="3" failures="0" timestamp="19 Aug 2019 13:36:28 GMT" time="121.611" errors="0">
  <testcase name="calling" time="67.613" classname="epicList_Chrome.Verify_SaleRecap_Report"/>
  <testcase name="login" time="42.204" classname="epicList_Chrome.Verify_SaleRecap_Report"/>
  <testcase name="logout" time="11.794" classname="epicList_Chrome.Verify_SaleRecap_Report"/>
</testsuite> <!-- epicList_Chrome.Verify_SaleRecap_Report -->
