<?xml version="1.0" encoding="UTF-8"?>
<!-- Generated by org.testng.reporters.JUnitReportReporter -->
<testsuite hostname="TestingPC-5" name="epicList_Chrome.Verify_Cashier_Report" tests="3" failures="0" timestamp="20 Aug 2019 05:11:52 GMT" time="137.082" errors="0">
  <testcase name="logout" time="10.347" classname="epicList_Chrome.Verify_Cashier_Report"/>
  <testcase name="calling" time="64.075" classname="epicList_Chrome.Verify_Cashier_Report"/>
  <testcase name="login" time="62.660" classname="epicList_Chrome.Verify_Cashier_Report"/>
</testsuite> <!-- epicList_Chrome.Verify_Cashier_Report -->
