<?xml version="1.0" encoding="UTF-8"?>
<!-- Generated by org.testng.reporters.JUnitReportReporter -->
<testsuite hostname="TestingPC-5" name="epicList_Chrome.AddEditDelete_Coursing" tests="3" failures="0" timestamp="20 Aug 2019 08:59:07 GMT" time="270.906" errors="0">
  <testcase name="logout" time="13.817" classname="epicList_Chrome.AddEditDelete_Coursing"/>
  <testcase name="calling" time="192.512" classname="epicList_Chrome.AddEditDelete_Coursing"/>
  <testcase name="login" time="64.577" classname="epicList_Chrome.AddEditDelete_Coursing"/>
</testsuite> <!-- epicList_Chrome.AddEditDelete_Coursing -->
