<?xml version="1.0" encoding="UTF-8"?>
<!-- Generated by org.testng.reporters.JUnitReportReporter -->
<testsuite hostname="TestingPC-5" name="epicList_Chrome.Verify_Enterprise_SaleRecap_Report" tests="3" failures="0" timestamp="26 Aug 2019 09:52:03 GMT" time="196.702" errors="0">
  <testcase name="logout" time="11.927" classname="epicList_Chrome.Verify_Enterprise_SaleRecap_Report"/>
  <testcase name="login" time="87.000" classname="epicList_Chrome.Verify_Enterprise_SaleRecap_Report"/>
  <testcase name="calling" time="97.775" classname="epicList_Chrome.Verify_Enterprise_SaleRecap_Report"/>
</testsuite> <!-- epicList_Chrome.Verify_Enterprise_SaleRecap_Report -->
