<?xml version="1.0" encoding="UTF-8"?>
<!-- Generated by org.testng.reporters.JUnitReportReporter -->
<testsuite hostname="TestingPC-5" name="epicList_Chrome.AllClassCalling_Enterprise_Licenses" tests="5" failures="0" timestamp="5 Jan 2021 05:46:09 GMT" time="712.847" errors="0">
  <testcase name="logout" time="12.767" classname="epicList_Chrome.AllClassCalling_Enterprise_Licenses"/>
  <testcase name="login" time="86.335" classname="epicList_Chrome.AllClassCalling_Enterprise_Licenses"/>
  <testcase name="Enterprise_License_Settings" time="519.979" classname="epicList_Chrome.AllClassCalling_Enterprise_Licenses"/>
  <testcase name="Enterprise_Licenses" time="57.452" classname="epicList_Chrome.AllClassCalling_Enterprise_Licenses"/>
  <testcase name="Enterprise_Developer_API_Key" time="36.314" classname="epicList_Chrome.AllClassCalling_Enterprise_Licenses"/>
</testsuite> <!-- epicList_Chrome.AllClassCalling_Enterprise_Licenses -->
